<?xml version="1.0" encoding="UTF-8"?>
<TestRun id="2ccad4b5-f84d-4a22-827c-09171ef29b43" name="jayapriya.murugan@ASPIRE1897 2023-02-27 14:23:29" runUser="ASPIRESYS\jayapriya.murugan" xmlns="http://microsoft.com/schemas/VisualStudio/TeamTest/2010">
  <TestSettings name="Default Test Settings" id="2c8c96dd-bae7-4c85-8f06-78cc4511cf4d">
    <Deployment runDeploymentRoot="jayapriya.murugan_ASPIRE1897 2023-02-27 14_23_29">
      <DeploymentItem filename="D:\Projects\FirstRate\IR\Shreem_IR\VantageInvestorLibrary\bin\VantageInvestorLibrary.dll" />
      <DeploymentItem filename="D:\Projects\FirstRate\IR\Shreem_IR\VantageInvestor\bin\Vantage.dll" />
      <DeploymentItem filename="D:\Projects\FirstRate\IR\Shreem_IR\VantageComponents\Branches\Framework3.1\bin\FMFClass.dll" />
      <DeploymentItem filename="D:\Projects\FirstRate\IR\Shreem_IR\VantageInvestor\bin\VantageInvestor.dll" />
    </Deployment>
    <Execution>
      <TestTypeSpecific />
      <AgentRule name="Execution Agents">
      </AgentRule>
    </Execution>
  </TestSettings>
  <Times creation="2023-02-27T14:23:29.3960470+05:30" queuing="2023-02-27T14:23:31.3742358+05:30" start="2023-02-27T14:23:31.4570935+05:30" finish="2023-02-27T14:23:34.1298361+05:30" />
  <ResultSummary outcome="Warning">
    <Counters total="1" executed="1" passed="1" error="0" failed="0" timeout="0" aborted="0" inconclusive="0" passedButRunAborted="0" notRunnable="0" notExecuted="0" disconnected="0" warning="0" completed="0" inProgress="0" pending="0" />
    <RunInfos>
      <RunInfo computerName="ASPIRE1897" outcome="Warning" timestamp="2023-02-27T14:23:31.3682450+05:30">
        <Text>Warning: Test Run deployment issue: The assembly or module 'VNTG.ODC.Insight.IrrEngine.Infrastructure' directly or indirectly referenced by the test container 'd:\projects\firstrate\ir\shreem_ir\mstest\bin\debug\testinvestorimport.dll' was not found.</Text>
      </RunInfo>
      <RunInfo computerName="ASPIRE1897" outcome="Warning" timestamp="2023-02-27T14:23:31.3682450+05:30">
        <Text>Warning: Test Run deployment issue: The assembly or module 'Microsoft.Practices.Unity' directly or indirectly referenced by the test container 'd:\projects\firstrate\ir\shreem_ir\mstest\bin\debug\testinvestorimport.dll' was not found.</Text>
      </RunInfo>
    </RunInfos>
  </ResultSummary>
  <TestDefinitions>
    <UnitTest name="GetInvestorSignnowAttributesTest" storage="d:\projects\firstrate\ir\shreem_ir\mstest\bin\debug\testinvestorimport.dll" id="1f7528ed-0359-c476-483b-75ee2a368f68">
      <Execution id="b0313049-a966-4ada-adb9-deca3b98c408" />
      <TestMethod codeBase="D:/Projects/FirstRate/IR/Shreem_IR/MSTest/bin/Debug/TestInvestorImport.DLL" adapterTypeName="Microsoft.VisualStudio.TestTools.TestTypes.Unit.UnitTestAdapter, Microsoft.VisualStudio.QualityTools.Tips.UnitTest.Adapter, Version=10.0.0.0, Culture=neutral, PublicKeyToken=b03f5f7f11d50a3a" className="VantageInvestorTest.ReportsInputsTest, TestInvestorImport, Version=1.0.0.0, Culture=neutral, PublicKeyToken=null" name="GetInvestorSignnowAttributesTest" />
    </UnitTest>
  </TestDefinitions>
  <TestLists>
    <TestList name="Results Not in a List" id="8c84fa94-04c1-424b-9868-57a2d4851a1d" />
    <TestList name="All Loaded Results" id="19431567-8539-422a-85d7-44ee4e166bda" />
  </TestLists>
  <TestEntries>
    <TestEntry testId="1f7528ed-0359-c476-483b-75ee2a368f68" executionId="b0313049-a966-4ada-adb9-deca3b98c408" testListId="8c84fa94-04c1-424b-9868-57a2d4851a1d" />
  </TestEntries>
  <Results>
    <UnitTestResult executionId="b0313049-a966-4ada-adb9-deca3b98c408" testId="1f7528ed-0359-c476-483b-75ee2a368f68" testName="GetInvestorSignnowAttributesTest" computerName="ASPIRE1897" duration="00:00:00.6059299" startTime="2023-02-27T14:23:31.5178998+05:30" endTime="2023-02-27T14:23:32.4671340+05:30" testType="13cdc9d9-ddb5-4fa4-a97d-d965ccfc6d4b" outcome="Passed" testListId="8c84fa94-04c1-424b-9868-57a2d4851a1d" relativeResultsDirectory="b0313049-a966-4ada-adb9-deca3b98c408">
    </UnitTestResult>
  </Results>
</TestRun>